<?xml version="1.0" encoding="UTF-8"?>
<!-- Generated by org.testng.reporters.JUnitReportReporter -->
<testsuite hostname="ip-172-31-32-149" failures="0" tests="3" name="testcase_suite.UserRegistrationVerification" time="37.654" errors="0" timestamp="2022-12-23T11:23:20 IST" skipped="0">
  <testcase classname="testcase_suite.UserRegistrationVerification" name="navigateToRegistrationPage" time="2.133"/>
  <system-out>
    <![CDATA[Opened_Registration_Page]]>
  </system-out>
  <testcase classname="testcase_suite.UserRegistrationVerification" name="initializeHomePage" time="9.093"/>
  <system-out>
    <![CDATA[Opened Home Page]]>
  </system-out>
  <testcase classname="testcase_suite.UserRegistrationVerification" name="registeringUser" time="26.428"/>
  <system-out>
    <![CDATA[Signup successfull please login. (Successfully registered)]]>
  </system-out>
</testsuite> <!-- testcase_suite.UserRegistrationVerification -->
