<?xml version="1.0" encoding="UTF-8"?>
<!-- Generated by org.testng.reporters.JUnitReportReporter -->
<testsuite hostname="ip-172-31-32-149" failures="0" tests="3" name="testcase_suite.UserLoginAndFlightBookingVerification" time="48.835" errors="0" timestamp="2022-12-23T12:42:21 IST" skipped="0">
  <testcase classname="testcase_suite.UserLoginAndFlightBookingVerification" name="xflightBooking" time="25.422"/>
  <system-out>
    <![CDATA[Flight_Booking_Page_Opened
Journey_details_filled_in_Navigating_to_Flight_Selection
FlightConfirmation
Payment_mode_selected
Booking_Confirmation_Pending
Booking_Confirmed]]>
  </system-out>
  <testcase classname="testcase_suite.UserLoginAndFlightBookingVerification" name="initializeHomePage" time="15.646"/>
  <system-out>
    <![CDATA[Opened Home Page]]>
  </system-out>
  <testcase classname="testcase_suite.UserLoginAndFlightBookingVerification" name="loggingInUser" time="7.767"/>
  <system-out>
    <![CDATA[Opened Login page
Login SuccessfulPriyanka]]>
  </system-out>
</testsuite> <!-- testcase_suite.UserLoginAndFlightBookingVerification -->
